<?xml version="1.0" encoding="UTF-8"?>
<testsuite xmlns:xsi="http://www.w3.org/2001/XMLSchema-instance" xsi:noNamespaceSchemaLocation="https://maven.apache.org/surefire/maven-surefire-plugin/xsd/surefire-test-report.xsd" name="TestSuite" time="46.968" tests="6" errors="0" skipped="0" failures="1">
  <properties>
[...]
</properties>
  <testcase name="validateCheckOut" classname="naveenautomationlabs.AutomationFramework.Test.AppleCinema30Test" time="0.001"/>
  <testcase name="validateCheckOut" classname="naveenautomationlabs.AutomationFramework.Test.MonitorsPageTest" time="0"/>
  <testcase name="validateSideNavigationEditAccount" classname="naveenautomationlabs.AutomationFramework.Test.MyAccountInformationTest" time="2.109"/>
  <testcase name="validateSideNavigationMyAccount" classname="naveenautomationlabs.AutomationFramework.Test.MyAccountSideNavigationTest" time="1.454"/>
  <testcase name="validateCheckOut" classname="naveenautomationlabs.AutomationFramework.Test.ShoppingCartTest" time="15.141">
    <failure message="no such alert&#10;  (Session info: chrome=114.0.5735.199)&#10;Build info: version: &apos;3.141.59&apos;, revision: &apos;e82be7d358&apos;, time: &apos;2018-11-14T08:17:03&apos;&#10;System info: host: &apos;ROSAMISTICA&apos;, ip: &apos;192.168.4.55&apos;, os.name: &apos;Windows 11&apos;, os.arch: &apos;amd64&apos;, os.version: &apos;10.0&apos;, java.version: &apos;11.0.16&apos;&#10;Driver info: org.openqa.selenium.chrome.ChromeDriver&#10;Capabilities {acceptInsecureCerts: false, browserName: chrome, browserVersion: 114.0.5735.199, chrome: {chromedriverVersion: 114.0.5735.90 (386bc09e8f4f..., userDataDir: C:\Users\gopes\AppData\Loca...}, goog:chromeOptions: {debuggerAddress: localhost:55679}, javascriptEnabled: true, networkConnectionEnabled: false, pageLoadStrategy: normal, platform: WINDOWS, platformName: WINDOWS, proxy: Proxy(), setWindowRect: true, strictFileInteractability: false, timeouts: {implicit: 0, pageLoad: 300000, script: 30000}, unhandledPromptBehavior: dismiss and notify, webauthn:extension:credBlob: true, webauthn:extension:largeBlob: true, webauthn:extension:minPinLength: true, webauthn:extension:prf: true, webauthn:virtualAuthenticators: true}&#10;Session ID: d627f8bce6a0c3fe1736fbef11778065" type="org.openqa.selenium.NoAlertPresentException">org.openqa.selenium.NoAlertPresentException: 
no such alert
  (Session info: chrome=114.0.5735.199)
Build info: version: '3.141.59', revision: 'e82be7d358', time: '2018-11-14T08:17:03'
System info: host: 'ROSAMISTICA', ip: '192.168.4.55', os.name: 'Windows 11', os.arch: 'amd64', os.version: '10.0', java.version: '11.0.16'
Driver info: org.openqa.selenium.chrome.ChromeDriver
Capabilities {acceptInsecureCerts: false, browserName: chrome, browserVersion: 114.0.5735.199, chrome: {chromedriverVersion: 114.0.5735.90 (386bc09e8f4f..., userDataDir: C:\Users\gopes\AppData\Loca...}, goog:chromeOptions: {debuggerAddress: localhost:55679}, javascriptEnabled: true, networkConnectionEnabled: false, pageLoadStrategy: normal, platform: WINDOWS, platformName: WINDOWS, proxy: Proxy(), setWindowRect: true, strictFileInteractability: false, timeouts: {implicit: 0, pageLoad: 300000, script: 30000}, unhandledPromptBehavior: dismiss and notify, webauthn:extension:credBlob: true, webauthn:extension:largeBlob: true, webauthn:extension:minPinLength: true, webauthn:extension:prf: true, webauthn:virtualAuthenticators: true}
Session ID: d627f8bce6a0c3fe1736fbef11778065
	at naveenautomationlabs.AutomationFramework.Test.ShoppingCartTest.validateCheckOut(ShoppingCartTest.java:39)
</failure>
    <system-out><![CDATA[2023-07-16 03:34:30 INFO  TestBase:39 - Navigating to url:https://naveenautomationlabs.com/opencart/index.php?route=common/home
21688 [main] INFO com.naveenautomationlabs.AutomationFrameWork.base.TestBase  - Navigating to url:https://naveenautomationlabs.com/opencart/index.php?route=common/home
2023-07-16 03:34:34 INFO  TestBase:45 - Navigated to url:https://naveenautomationlabs.com/opencart/index.php?route=common/home
25441 [main] INFO com.naveenautomationlabs.AutomationFrameWork.base.TestBase  - Navigated to url:https://naveenautomationlabs.com/opencart/index.php?route=common/home
2023-07-16 03:34:34 INFO  TestBase:87 - Finding elementBy.cssSelector: div.collapse>ul>li:nth-of-type(3) a
25574 [main] INFO com.naveenautomationlabs.AutomationFrameWork.base.TestBase  - Finding elementBy.cssSelector: div.collapse>ul>li:nth-of-type(3) a
2023-07-16 03:34:34 INFO  TestBase:93 - Found elementBy.cssSelector: div.collapse>ul>li:nth-of-type(3) a
25602 [main] INFO com.naveenautomationlabs.AutomationFrameWork.base.TestBase  - Found elementBy.cssSelector: div.collapse>ul>li:nth-of-type(3) a
2023-07-16 03:34:34 INFO  TestBase:99 - Clicking on elememt[[ChromeDriver: chrome on WINDOWS (d627f8bce6a0c3fe1736fbef11778065)] -> css selector: div.collapse>ul>li:nth-of-type(3) a]
25603 [main] INFO com.naveenautomationlabs.AutomationFrameWork.base.TestBase  - Clicking on elememt[[ChromeDriver: chrome on WINDOWS (d627f8bce6a0c3fe1736fbef11778065)] -> css selector: div.collapse>ul>li:nth-of-type(3) a]
2023-07-16 03:34:34 INFO  TestBase:105 - Clicked on elememt[[ChromeDriver: chrome on WINDOWS (d627f8bce6a0c3fe1736fbef11778065)] -> css selector: div.collapse>ul>li:nth-of-type(3) a]
25662 [main] INFO com.naveenautomationlabs.AutomationFrameWork.base.TestBase  - Clicked on elememt[[ChromeDriver: chrome on WINDOWS (d627f8bce6a0c3fe1736fbef11778065)] -> css selector: div.collapse>ul>li:nth-of-type(3) a]
2023-07-16 03:34:34 INFO  TestBase:87 - Finding elementBy.cssSelector: ul.nav>li:nth-of-type(3)>div>div>ul>li:nth-of-type(2) a
25663 [main] INFO com.naveenautomationlabs.AutomationFrameWork.base.TestBase  - Finding elementBy.cssSelector: ul.nav>li:nth-of-type(3)>div>div>ul>li:nth-of-type(2) a
2023-07-16 03:34:34 INFO  TestBase:93 - Found elementBy.cssSelector: ul.nav>li:nth-of-type(3)>div>div>ul>li:nth-of-type(2) a
25677 [main] INFO com.naveenautomationlabs.AutomationFrameWork.base.TestBase  - Found elementBy.cssSelector: ul.nav>li:nth-of-type(3)>div>div>ul>li:nth-of-type(2) a
2023-07-16 03:34:34 INFO  TestBase:99 - Clicking on elememt[[ChromeDriver: chrome on WINDOWS (d627f8bce6a0c3fe1736fbef11778065)] -> css selector: ul.nav>li:nth-of-type(3)>div>div>ul>li:nth-of-type(2) a]
25677 [main] INFO com.naveenautomationlabs.AutomationFrameWork.base.TestBase  - Clicking on elememt[[ChromeDriver: chrome on WINDOWS (d627f8bce6a0c3fe1736fbef11778065)] -> css selector: ul.nav>li:nth-of-type(3)>div>div>ul>li:nth-of-type(2) a]
2023-07-16 03:34:35 INFO  TestBase:105 - Clicked on elememt[[ChromeDriver: chrome on WINDOWS (d627f8bce6a0c3fe1736fbef11778065)] -> css selector: ul.nav>li:nth-of-type(3)>div>div>ul>li:nth-of-type(2) a]
26353 [main] INFO com.naveenautomationlabs.AutomationFrameWork.base.TestBase  - Clicked on elememt[[ChromeDriver: chrome on WINDOWS (d627f8bce6a0c3fe1736fbef11778065)] -> css selector: ul.nav>li:nth-of-type(3)>div>div>ul>li:nth-of-type(2) a]
2023-07-16 03:34:35 INFO  TestBase:87 - Finding elementBy.cssSelector: button[onclick="cart.add('42', '2');"]
26354 [main] INFO com.naveenautomationlabs.AutomationFrameWork.base.TestBase  - Finding elementBy.cssSelector: button[onclick="cart.add('42', '2');"]
2023-07-16 03:34:35 INFO  TestBase:93 - Found elementBy.cssSelector: button[onclick="cart.add('42', '2');"]
26375 [main] INFO com.naveenautomationlabs.AutomationFrameWork.base.TestBase  - Found elementBy.cssSelector: button[onclick="cart.add('42', '2');"]
2023-07-16 03:34:35 INFO  TestBase:99 - Clicking on elememt[[ChromeDriver: chrome on WINDOWS (d627f8bce6a0c3fe1736fbef11778065)] -> css selector: button[onclick="cart.add('42', '2');"]]
26376 [main] INFO com.naveenautomationlabs.AutomationFrameWork.base.TestBase  - Clicking on elememt[[ChromeDriver: chrome on WINDOWS (d627f8bce6a0c3fe1736fbef11778065)] -> css selector: button[onclick="cart.add('42', '2');"]]
2023-07-16 03:34:35 INFO  TestBase:105 - Clicked on elememt[[ChromeDriver: chrome on WINDOWS (d627f8bce6a0c3fe1736fbef11778065)] -> css selector: button[onclick="cart.add('42', '2');"]]
26405 [main] INFO com.naveenautomationlabs.AutomationFrameWork.base.TestBase  - Clicked on elememt[[ChromeDriver: chrome on WINDOWS (d627f8bce6a0c3fe1736fbef11778065)] -> css selector: button[onclick="cart.add('42', '2');"]]
2023-07-16 03:34:35 INFO  TestBase:87 - Finding elementBy.cssSelector: input[name="option[218]"][value='5']
26408 [main] INFO com.naveenautomationlabs.AutomationFrameWork.base.TestBase  - Finding elementBy.cssSelector: input[name="option[218]"][value='5']
2023-07-16 03:34:37 INFO  TestBase:93 - Found elementBy.cssSelector: input[name="option[218]"][value='5']
27966 [main] INFO com.naveenautomationlabs.AutomationFrameWork.base.TestBase  - Found elementBy.cssSelector: input[name="option[218]"][value='5']
2023-07-16 03:34:37 INFO  TestBase:99 - Clicking on elememt[[ChromeDriver: chrome on WINDOWS (d627f8bce6a0c3fe1736fbef11778065)] -> css selector: input[name="option[218]"][value='5']]
27967 [main] INFO com.naveenautomationlabs.AutomationFrameWork.base.TestBase  - Clicking on elememt[[ChromeDriver: chrome on WINDOWS (d627f8bce6a0c3fe1736fbef11778065)] -> css selector: input[name="option[218]"][value='5']]
2023-07-16 03:34:37 INFO  TestBase:105 - Clicked on elememt[[ChromeDriver: chrome on WINDOWS (d627f8bce6a0c3fe1736fbef11778065)] -> css selector: input[name="option[218]"][value='5']]
28014 [main] INFO com.naveenautomationlabs.AutomationFrameWork.base.TestBase  - Clicked on elememt[[ChromeDriver: chrome on WINDOWS (d627f8bce6a0c3fe1736fbef11778065)] -> css selector: input[name="option[218]"][value='5']]
2023-07-16 03:34:37 INFO  TestBase:87 - Finding elementBy.cssSelector: input[name="option[223][]"][value="10"]
28015 [main] INFO com.naveenautomationlabs.AutomationFrameWork.base.TestBase  - Finding elementBy.cssSelector: input[name="option[223][]"][value="10"]
2023-07-16 03:34:37 INFO  TestBase:93 - Found elementBy.cssSelector: input[name="option[223][]"][value="10"]
28037 [main] INFO com.naveenautomationlabs.AutomationFrameWork.base.TestBase  - Found elementBy.cssSelector: input[name="option[223][]"][value="10"]
2023-07-16 03:34:37 INFO  TestBase:99 - Clicking on elememt[[ChromeDriver: chrome on WINDOWS (d627f8bce6a0c3fe1736fbef11778065)] -> css selector: input[name="option[223][]"][value="10"]]
28037 [main] INFO com.naveenautomationlabs.AutomationFrameWork.base.TestBase  - Clicking on elememt[[ChromeDriver: chrome on WINDOWS (d627f8bce6a0c3fe1736fbef11778065)] -> css selector: input[name="option[223][]"][value="10"]]
2023-07-16 03:34:37 INFO  TestBase:105 - Clicked on elememt[[ChromeDriver: chrome on WINDOWS (d627f8bce6a0c3fe1736fbef11778065)] -> css selector: input[name="option[223][]"][value="10"]]
28084 [main] INFO com.naveenautomationlabs.AutomationFrameWork.base.TestBase  - Clicked on elememt[[ChromeDriver: chrome on WINDOWS (d627f8bce6a0c3fe1736fbef11778065)] -> css selector: input[name="option[223][]"][value="10"]]
2023-07-16 03:34:37 INFO  TestBase:87 - Finding elementBy.cssSelector: input[value="test"]
28085 [main] INFO com.naveenautomationlabs.AutomationFrameWork.base.TestBase  - Finding elementBy.cssSelector: input[value="test"]
2023-07-16 03:34:37 INFO  TestBase:93 - Found elementBy.cssSelector: input[value="test"]
28109 [main] INFO com.naveenautomationlabs.AutomationFrameWork.base.TestBase  - Found elementBy.cssSelector: input[value="test"]
2023-07-16 03:34:37 INFO  TestBase:87 - Finding elementBy.id: input-option217
28211 [main] INFO com.naveenautomationlabs.AutomationFrameWork.base.TestBase  - Finding elementBy.id: input-option217
2023-07-16 03:34:37 INFO  TestBase:93 - Found elementBy.id: input-option217
28233 [main] INFO com.naveenautomationlabs.AutomationFrameWork.base.TestBase  - Found elementBy.id: input-option217
2023-07-16 03:34:37 INFO  TestBase:87 - Finding elementBy.id: input-option217
28240 [main] INFO com.naveenautomationlabs.AutomationFrameWork.base.TestBase  - Finding elementBy.id: input-option217
2023-07-16 03:34:37 INFO  TestBase:93 - Found elementBy.id: input-option217
28260 [main] INFO com.naveenautomationlabs.AutomationFrameWork.base.TestBase  - Found elementBy.id: input-option217
2023-07-16 03:34:37 INFO  TestBase:87 - Finding elementBy.id: input-option217
28278 [main] INFO com.naveenautomationlabs.AutomationFrameWork.base.TestBase  - Finding elementBy.id: input-option217
2023-07-16 03:34:37 INFO  TestBase:93 - Found elementBy.id: input-option217
28292 [main] INFO com.naveenautomationlabs.AutomationFrameWork.base.TestBase  - Found elementBy.id: input-option217
2023-07-16 03:34:37 INFO  TestBase:87 - Finding elementBy.xpath: .//option[@value = "3"]
28292 [main] INFO com.naveenautomationlabs.AutomationFrameWork.base.TestBase  - Finding elementBy.xpath: .//option[@value = "3"]
2023-07-16 03:34:37 INFO  TestBase:93 - Found elementBy.xpath: .//option[@value = "3"]
28317 [main] INFO com.naveenautomationlabs.AutomationFrameWork.base.TestBase  - Found elementBy.xpath: .//option[@value = "3"]
2023-07-16 03:34:37 INFO  TestBase:99 - Clicking on elememt[[[[ChromeDriver: chrome on WINDOWS (d627f8bce6a0c3fe1736fbef11778065)] -> id: input-option217]] -> xpath: .//option[@value = "3"]]
28330 [main] INFO com.naveenautomationlabs.AutomationFrameWork.base.TestBase  - Clicking on elememt[[[[ChromeDriver: chrome on WINDOWS (d627f8bce6a0c3fe1736fbef11778065)] -> id: input-option217]] -> xpath: .//option[@value = "3"]]
2023-07-16 03:34:37 INFO  TestBase:105 - Clicked on elememt[[[[ChromeDriver: chrome on WINDOWS (d627f8bce6a0c3fe1736fbef11778065)] -> id: input-option217]] -> xpath: .//option[@value = "3"]]
28366 [main] INFO com.naveenautomationlabs.AutomationFrameWork.base.TestBase  - Clicked on elememt[[[[ChromeDriver: chrome on WINDOWS (d627f8bce6a0c3fe1736fbef11778065)] -> id: input-option217]] -> xpath: .//option[@value = "3"]]
2023-07-16 03:34:37 INFO  TestBase:87 - Finding elementBy.id: input-option209
28366 [main] INFO com.naveenautomationlabs.AutomationFrameWork.base.TestBase  - Finding elementBy.id: input-option209
2023-07-16 03:34:37 INFO  TestBase:93 - Found elementBy.id: input-option209
28387 [main] INFO com.naveenautomationlabs.AutomationFrameWork.base.TestBase  - Found elementBy.id: input-option209
2023-07-16 03:34:37 INFO  TestBase:87 - Finding elementBy.id: button-upload222
28485 [main] INFO com.naveenautomationlabs.AutomationFrameWork.base.TestBase  - Finding elementBy.id: button-upload222
2023-07-16 03:34:37 INFO  TestBase:93 - Found elementBy.id: button-upload222
28501 [main] INFO com.naveenautomationlabs.AutomationFrameWork.base.TestBase  - Found elementBy.id: button-upload222
2023-07-16 03:34:37 INFO  TestBase:99 - Clicking on elememt[[ChromeDriver: chrome on WINDOWS (d627f8bce6a0c3fe1736fbef11778065)] -> id: button-upload222]
28501 [main] INFO com.naveenautomationlabs.AutomationFrameWork.base.TestBase  - Clicking on elememt[[ChromeDriver: chrome on WINDOWS (d627f8bce6a0c3fe1736fbef11778065)] -> id: button-upload222]
2023-07-16 03:34:37 INFO  TestBase:105 - Clicked on elememt[[ChromeDriver: chrome on WINDOWS (d627f8bce6a0c3fe1736fbef11778065)] -> id: button-upload222]
28538 [main] INFO com.naveenautomationlabs.AutomationFrameWork.base.TestBase  - Clicked on elememt[[ChromeDriver: chrome on WINDOWS (d627f8bce6a0c3fe1736fbef11778065)] -> id: button-upload222]
]]></system-out>
    <system-err><![CDATA[Starting ChromeDriver 114.0.5735.90 (386bc09e8f4f2e025eddae123f36f6263096ae49-refs/branch-heads/5735@{#1052}) on port 21827
Only local connections are allowed.
Please see https://chromedriver.chromium.org/security-considerations for suggestions on keeping ChromeDriver safe.
ChromeDriver was started successfully.
Jul. 16, 2023 3:34:30 A.M. org.openqa.selenium.remote.ProtocolHandshake createSession
INFO: Detected dialect: W3C
]]></system-err>
  </testcase>
  <testcase name="validateCheckOut" classname="naveenautomationlabs.AutomationFramework.Test.YourStoreTest" time="0"/>
</testsuite>